0 info it worked if it ends with ok
1 verbose cli [ 'C:\\Program Files\\nodejs\\node.exe',
1 verbose cli   'D:\\Users\\703186675\\AppData\\Roaming\\npm\\node_modules\\npm\\bin\\npm-cli.js',
1 verbose cli   'start' ]
2 info using npm@3.10.10
3 info using node@v6.10.1
4 verbose run-script [ 'prestart', 'start', 'poststart' ]
5 info lifecycle angularjs-requirejs-uirouter-lazy-loading-seed@1.0.0~prestart: angularjs-requirejs-uirouter-lazy-loading-seed@1.0.0
6 verbose lifecycle angularjs-requirejs-uirouter-lazy-loading-seed@1.0.0~prestart: unsafe-perm in lifecycle true
7 verbose lifecycle angularjs-requirejs-uirouter-lazy-loading-seed@1.0.0~prestart: PATH: D:\Users\703186675\AppData\Roaming\npm\node_modules\npm\bin\node-gyp-bin;d:\Users\703186675\My Data\GE Confidential\WIP\P.E.R.I.S.C.O.P.E UI\node_modules\.bin;C:\ProgramData\Oracle\Java\javapath;C:\windows\system32;C:\windows;C:\windows\System32\Wbem;C:\windows\System32\WindowsPowerShell\v1.0\;C:\Program Files (x86)\WebEx\Productivity Tools;C:\Program Files (x86)\Sennheiser\SoftphoneSDK\;C:\Program Files\nodejs\;C:\Program Files\Git\cmd;D:\Users\703186675\AppData\Roaming\Cloud Foundry;C:\Program Files\Intel\WiFi\bin\;C:\Program Files\Common Files\Intel\WirelessCommon\;D:\Users\703186675\AppData\Roaming\npm;D:\Users\703186675\My Data\GE-Genpact Internal\Softwares\apache-maven-3.3.9-bin\apache-maven-3.3.9\bin;C:\Program Files\MongoDB\Server\3.4\bin
8 verbose lifecycle angularjs-requirejs-uirouter-lazy-loading-seed@1.0.0~prestart: CWD: d:\Users\703186675\My Data\GE Confidential\WIP\P.E.R.I.S.C.O.P.E UI
9 silly lifecycle angularjs-requirejs-uirouter-lazy-loading-seed@1.0.0~prestart: Args: [ '/d /s /c', 'npm install' ]
10 silly lifecycle angularjs-requirejs-uirouter-lazy-loading-seed@1.0.0~prestart: Returned: code: 0  signal: null
11 info lifecycle angularjs-requirejs-uirouter-lazy-loading-seed@1.0.0~start: angularjs-requirejs-uirouter-lazy-loading-seed@1.0.0
12 verbose lifecycle angularjs-requirejs-uirouter-lazy-loading-seed@1.0.0~start: unsafe-perm in lifecycle true
13 verbose lifecycle angularjs-requirejs-uirouter-lazy-loading-seed@1.0.0~start: PATH: D:\Users\703186675\AppData\Roaming\npm\node_modules\npm\bin\node-gyp-bin;d:\Users\703186675\My Data\GE Confidential\WIP\P.E.R.I.S.C.O.P.E UI\node_modules\.bin;C:\ProgramData\Oracle\Java\javapath;C:\windows\system32;C:\windows;C:\windows\System32\Wbem;C:\windows\System32\WindowsPowerShell\v1.0\;C:\Program Files (x86)\WebEx\Productivity Tools;C:\Program Files (x86)\Sennheiser\SoftphoneSDK\;C:\Program Files\nodejs\;C:\Program Files\Git\cmd;D:\Users\703186675\AppData\Roaming\Cloud Foundry;C:\Program Files\Intel\WiFi\bin\;C:\Program Files\Common Files\Intel\WirelessCommon\;D:\Users\703186675\AppData\Roaming\npm;D:\Users\703186675\My Data\GE-Genpact Internal\Softwares\apache-maven-3.3.9-bin\apache-maven-3.3.9\bin;C:\Program Files\MongoDB\Server\3.4\bin
14 verbose lifecycle angularjs-requirejs-uirouter-lazy-loading-seed@1.0.0~start: CWD: d:\Users\703186675\My Data\GE Confidential\WIP\P.E.R.I.S.C.O.P.E UI
15 silly lifecycle angularjs-requirejs-uirouter-lazy-loading-seed@1.0.0~start: Args: [ '/d /s /c', 'node server.js ' ]
16 silly lifecycle angularjs-requirejs-uirouter-lazy-loading-seed@1.0.0~start: Returned: code: 3221225786  signal: null
17 info lifecycle angularjs-requirejs-uirouter-lazy-loading-seed@1.0.0~start: Failed to exec start script
18 verbose stack Error: angularjs-requirejs-uirouter-lazy-loading-seed@1.0.0 start: `node server.js `
18 verbose stack Exit status 3221225786
18 verbose stack     at EventEmitter.<anonymous> (D:\Users\703186675\AppData\Roaming\npm\node_modules\npm\lib\utils\lifecycle.js:255:16)
18 verbose stack     at emitTwo (events.js:106:13)
18 verbose stack     at EventEmitter.emit (events.js:191:7)
18 verbose stack     at ChildProcess.<anonymous> (D:\Users\703186675\AppData\Roaming\npm\node_modules\npm\lib\utils\spawn.js:40:14)
18 verbose stack     at emitTwo (events.js:106:13)
18 verbose stack     at ChildProcess.emit (events.js:191:7)
18 verbose stack     at maybeClose (internal/child_process.js:886:16)
18 verbose stack     at Process.ChildProcess._handle.onexit (internal/child_process.js:226:5)
19 verbose pkgid angularjs-requirejs-uirouter-lazy-loading-seed@1.0.0
20 verbose cwd d:\Users\703186675\My Data\GE Confidential\WIP\P.E.R.I.S.C.O.P.E UI\app
21 error Windows_NT 6.1.7601
22 error argv "C:\\Program Files\\nodejs\\node.exe" "D:\\Users\\703186675\\AppData\\Roaming\\npm\\node_modules\\npm\\bin\\npm-cli.js" "start"
23 error node v6.10.1
24 error npm  v3.10.10
25 error code ELIFECYCLE
26 error angularjs-requirejs-uirouter-lazy-loading-seed@1.0.0 start: `node server.js `
26 error Exit status 3221225786
27 error Failed at the angularjs-requirejs-uirouter-lazy-loading-seed@1.0.0 start script 'node server.js '.
27 error Make sure you have the latest version of node.js and npm installed.
27 error If you do, this is most likely a problem with the angularjs-requirejs-uirouter-lazy-loading-seed package,
27 error not with npm itself.
27 error Tell the author that this fails on your system:
27 error     node server.js
27 error You can get information on how to open an issue for this project with:
27 error     npm bugs angularjs-requirejs-uirouter-lazy-loading-seed
27 error Or if that isn't available, you can get their info via:
27 error     npm owner ls angularjs-requirejs-uirouter-lazy-loading-seed
27 error There is likely additional logging output above.
28 verbose exit [ 1, true ]
